TN:
SF:dist\src\app.js
FN:2,(anonymous_0)
FN:27,(anonymous_1)
FN:35,(anonymous_2)
FNF:3
FNH:1
FNDA:20,(anonymous_0)
FNDA:0,(anonymous_1)
FNDA:0,(anonymous_2)
DA:2,4
DA:3,20
DA:5,4
DA:6,4
DA:7,4
DA:8,4
DA:9,4
DA:10,4
DA:11,4
DA:12,4
DA:13,4
DA:21,4
DA:22,4
DA:28,0
DA:29,0
DA:31,0
DA:36,0
DA:37,0
DA:39,4
LF:19
LH:14
BRDA:2,0,0,4
BRDA:2,0,1,4
BRDA:2,0,2,4
BRDA:3,1,0,4
BRDA:3,1,1,16
BRDA:3,2,0,20
BRDA:3,2,1,20
BRDA:28,3,0,0
BRDA:28,3,1,0
BRF:9
BRH:7
end_of_record
TN:
SF:dist\src\config\db.js
FN:2,(anonymous_0)
FN:14,connectToDatabase
FN:34,getDb
FN:40,closeDatabaseConnection
FNF:4
FNH:4
FNDA:7,(anonymous_0)
FNDA:4,connectToDatabase
FNDA:14,getDb
FNDA:4,closeDatabaseConnection
DA:2,7
DA:3,7
DA:5,7
DA:6,7
DA:7,7
DA:8,7
DA:9,7
DA:10,7
DA:11,7
DA:12,7
DA:13,7
DA:15,4
DA:16,4
DA:17,4
DA:18,0
DA:20,4
DA:21,0
DA:23,4
DA:24,4
DA:25,4
DA:26,4
DA:27,4
DA:30,0
DA:31,0
DA:35,14
DA:36,14
DA:38,0
DA:41,4
DA:42,4
DA:43,4
DA:44,4
DA:45,4
DA:46,4
DA:50,0
DA:51,0
LF:35
LH:28
BRDA:2,0,0,7
BRDA:2,0,1,7
BRDA:2,0,2,7
BRDA:3,1,0,0
BRDA:3,1,1,7
BRDA:3,2,0,7
BRDA:3,2,1,7
BRDA:17,3,0,0
BRDA:17,3,1,4
BRDA:17,4,0,4
BRDA:17,4,1,4
BRDA:20,5,0,0
BRDA:20,5,1,4
BRDA:20,6,0,4
BRDA:20,6,1,0
BRDA:35,7,0,14
BRDA:35,7,1,0
BRDA:42,8,0,4
BRDA:42,8,1,0
BRF:19
BRH:13
end_of_record
TN:
SF:dist\src\controllers\employeeController.js
FN:6,(anonymous_0)
FN:17,(anonymous_1)
FN:31,(anonymous_2)
FN:55,(anonymous_3)
FN:81,(anonymous_4)
FNF:5
FNH:5
FNDA:1,(anonymous_0)
FNDA:1,(anonymous_1)
FNDA:1,(anonymous_2)
FNDA:1,(anonymous_3)
FNDA:1,(anonymous_4)
DA:2,5
DA:3,5
DA:4,5
DA:5,5
DA:6,5
DA:7,1
DA:8,1
DA:9,0
DA:10,0
DA:13,1
DA:16,5
DA:17,5
DA:18,1
DA:19,1
DA:20,0
DA:21,0
DA:22,0
DA:24,0
DA:27,1
DA:30,5
DA:31,5
DA:32,1
DA:33,1
DA:34,0
DA:35,0
DA:47,0
DA:48,0
DA:51,1
DA:54,5
DA:55,5
DA:56,1
DA:57,1
DA:58,0
DA:59,0
DA:70,0
DA:71,0
DA:72,0
DA:74,0
DA:77,1
DA:80,5
DA:81,5
DA:82,1
DA:83,1
DA:84,0
DA:85,0
DA:86,0
DA:88,0
DA:91,1
DA:94,5
LF:49
LH:29
BRDA:21,0,0,0
BRDA:21,0,1,0
BRDA:71,1,0,0
BRDA:71,1,1,0
BRDA:85,2,0,0
BRDA:85,2,1,0
BRF:6
BRH:0
end_of_record
TN:
SF:dist\src\controllers\expenseController.js
FN:6,(anonymous_0)
FN:17,(anonymous_1)
FN:31,(anonymous_2)
FN:55,(anonymous_3)
FN:80,(anonymous_4)
FNF:5
FNH:0
FNDA:0,(anonymous_0)
FNDA:0,(anonymous_1)
FNDA:0,(anonymous_2)
FNDA:0,(anonymous_3)
FNDA:0,(anonymous_4)
DA:2,4
DA:3,4
DA:4,4
DA:5,4
DA:6,4
DA:7,0
DA:8,0
DA:9,0
DA:10,0
DA:13,0
DA:16,4
DA:17,4
DA:18,0
DA:19,0
DA:20,0
DA:21,0
DA:22,0
DA:24,0
DA:27,0
DA:30,4
DA:31,4
DA:32,0
DA:33,0
DA:34,0
DA:35,0
DA:47,0
DA:48,0
DA:51,0
DA:54,4
DA:55,4
DA:56,0
DA:57,0
DA:58,0
DA:59,0
DA:69,0
DA:70,0
DA:71,0
DA:73,0
DA:76,0
DA:79,4
DA:80,4
DA:81,0
DA:82,0
DA:83,0
DA:84,0
DA:85,0
DA:87,0
DA:90,0
DA:93,4
LF:49
LH:14
BRDA:21,0,0,0
BRDA:21,0,1,0
BRDA:70,1,0,0
BRDA:70,1,1,0
BRDA:84,2,0,0
BRDA:84,2,1,0
BRF:6
BRH:0
end_of_record
TN:
SF:dist\src\controllers\inventoryController.js
FN:6,(anonymous_0)
FN:18,(anonymous_1)
FN:33,(anonymous_2)
FN:52,(anonymous_3)
FN:73,(anonymous_4)
FNF:5
FNH:4
FNDA:1,(anonymous_0)
FNDA:0,(anonymous_1)
FNDA:1,(anonymous_2)
FNDA:1,(anonymous_3)
FNDA:1,(anonymous_4)
DA:2,5
DA:3,5
DA:4,5
DA:5,5
DA:6,5
DA:7,1
DA:8,1
DA:9,0
DA:10,0
DA:11,0
DA:14,1
DA:17,5
DA:18,5
DA:19,0
DA:20,0
DA:21,0
DA:22,0
DA:23,0
DA:24,0
DA:26,0
DA:29,0
DA:32,5
DA:33,5
DA:34,1
DA:35,1
DA:36,0
DA:37,0
DA:44,0
DA:45,0
DA:48,1
DA:51,5
DA:52,5
DA:53,1
DA:54,1
DA:55,0
DA:56,0
DA:62,0
DA:63,0
DA:64,0
DA:66,0
DA:69,1
DA:72,5
DA:73,5
DA:74,1
DA:75,1
DA:76,0
DA:77,0
DA:78,0
DA:80,0
DA:83,1
DA:86,5
LF:51
LH:26
BRDA:23,0,0,0
BRDA:23,0,1,0
BRDA:63,1,0,0
BRDA:63,1,1,0
BRDA:77,2,0,0
BRDA:77,2,1,0
BRF:6
BRH:0
end_of_record
TN:
SF:dist\src\controllers\vendorController.js
FN:6,(anonymous_0)
FN:17,(anonymous_1)
FN:34,(anonymous_2)
FN:54,(anonymous_3)
FN:78,(anonymous_4)
FNF:5
FNH:5
FNDA:1,(anonymous_0)
FNDA:1,(anonymous_1)
FNDA:1,(anonymous_2)
FNDA:1,(anonymous_3)
FNDA:1,(anonymous_4)
DA:2,5
DA:3,5
DA:4,5
DA:5,5
DA:6,5
DA:7,1
DA:8,1
DA:9,0
DA:10,0
DA:13,1
DA:16,5
DA:17,5
DA:18,1
DA:19,1
DA:20,1
DA:21,0
DA:22,0
DA:23,0
DA:26,0
DA:30,1
DA:33,5
DA:34,5
DA:35,1
DA:36,1
DA:37,1
DA:45,1
DA:46,0
DA:47,0
DA:50,1
DA:53,5
DA:54,5
DA:55,1
DA:56,1
DA:57,1
DA:64,1
DA:65,0
DA:66,0
DA:67,0
DA:70,0
DA:74,1
DA:77,5
DA:78,5
DA:79,1
DA:80,1
DA:81,0
DA:82,0
DA:83,0
DA:86,0
DA:90,1
DA:93,5
LF:50
LH:34
BRDA:22,0,0,0
BRDA:22,0,1,0
BRDA:66,1,0,0
BRDA:66,1,1,0
BRDA:82,2,0,0
BRDA:82,2,1,0
BRF:6
BRH:0
end_of_record
TN:
SF:dist\src\middleware\errorHandler.js
FN:4,(anonymous_0)
FNF:1
FNH:0
FNDA:0,(anonymous_0)
DA:2,4
DA:3,4
DA:4,4
DA:5,0
DA:6,0
DA:8,4
LF:6
LH:4
BRDA:6,0,0,0
BRDA:6,0,1,0
BRF:2
BRH:0
end_of_record
TN:
SF:dist\src\routes\employeeRoutes.js
FN:2,(anonymous_0)
FN:6,(anonymous_1)
FN:9,(anonymous_2)
FN:13,(anonymous_3)
FN:15,(anonymous_4)
FN:18,(anonymous_5)
FN:19,(anonymous_6)
FN:20,(anonymous_7)
FN:27,(anonymous_8)
FNF:9
FNH:2
FNDA:0,(anonymous_0)
FNDA:0,(anonymous_1)
FNDA:0,(anonymous_2)
FNDA:0,(anonymous_3)
FNDA:0,(anonymous_4)
FNDA:4,(anonymous_5)
FNDA:0,(anonymous_6)
FNDA:0,(anonymous_7)
FNDA:4,(anonymous_8)
DA:2,4
DA:3,0
DA:4,0
DA:5,0
DA:6,0
DA:8,0
DA:10,0
DA:11,0
DA:13,4
DA:14,0
DA:16,0
DA:18,4
DA:19,4
DA:20,0
DA:21,0
DA:22,0
DA:23,0
DA:25,0
DA:27,4
DA:28,4
DA:29,0
DA:30,0
DA:31,0
DA:32,0
DA:35,4
DA:36,4
DA:37,4
DA:38,4
DA:39,4
DA:40,4
DA:41,4
DA:42,4
DA:43,4
DA:44,4
DA:45,4
LF:35
LH:17
BRDA:2,0,0,4
BRDA:2,0,1,4
BRDA:2,0,2,4
BRDA:2,1,0,4
BRDA:2,1,1,0
BRDA:3,2,0,0
BRDA:3,2,1,0
BRDA:5,3,0,0
BRDA:5,3,1,0
BRDA:5,4,0,0
BRDA:5,4,1,0
BRDA:5,5,0,0
BRDA:5,5,1,0
BRDA:5,6,0,0
BRDA:5,6,1,0
BRDA:10,7,0,0
BRDA:10,7,1,0
BRDA:13,8,0,4
BRDA:13,8,1,4
BRDA:13,8,2,4
BRDA:13,9,0,4
BRDA:13,9,1,0
BRDA:18,10,0,4
BRDA:18,10,1,4
BRDA:18,10,2,4
BRDA:20,11,0,0
BRDA:20,11,1,0
BRDA:22,12,0,0
BRDA:22,12,1,0
BRDA:28,13,0,4
BRDA:28,13,1,0
BRDA:28,14,0,4
BRDA:28,14,1,4
BRDA:30,15,0,0
BRDA:30,15,1,0
BRDA:30,16,0,0
BRDA:30,16,1,0
BRF:37
BRH:14
end_of_record
TN:
SF:dist\src\routes\expenseRoutes.js
FN:2,(anonymous_0)
FN:6,(anonymous_1)
FN:9,(anonymous_2)
FN:13,(anonymous_3)
FN:15,(anonymous_4)
FN:18,(anonymous_5)
FN:19,(anonymous_6)
FN:20,(anonymous_7)
FN:27,(anonymous_8)
FNF:9
FNH:2
FNDA:0,(anonymous_0)
FNDA:0,(anonymous_1)
FNDA:0,(anonymous_2)
FNDA:0,(anonymous_3)
FNDA:0,(anonymous_4)
FNDA:4,(anonymous_5)
FNDA:0,(anonymous_6)
FNDA:0,(anonymous_7)
FNDA:4,(anonymous_8)
DA:2,4
DA:3,0
DA:4,0
DA:5,0
DA:6,0
DA:8,0
DA:10,0
DA:11,0
DA:13,4
DA:14,0
DA:16,0
DA:18,4
DA:19,4
DA:20,0
DA:21,0
DA:22,0
DA:23,0
DA:25,0
DA:27,4
DA:28,4
DA:29,0
DA:30,0
DA:31,0
DA:32,0
DA:35,4
DA:36,4
DA:37,4
DA:38,4
DA:39,4
DA:40,4
DA:41,4
DA:42,4
DA:43,4
DA:44,4
DA:45,4
LF:35
LH:17
BRDA:2,0,0,4
BRDA:2,0,1,4
BRDA:2,0,2,4
BRDA:2,1,0,4
BRDA:2,1,1,0
BRDA:3,2,0,0
BRDA:3,2,1,0
BRDA:5,3,0,0
BRDA:5,3,1,0
BRDA:5,4,0,0
BRDA:5,4,1,0
BRDA:5,5,0,0
BRDA:5,5,1,0
BRDA:5,6,0,0
BRDA:5,6,1,0
BRDA:10,7,0,0
BRDA:10,7,1,0
BRDA:13,8,0,4
BRDA:13,8,1,4
BRDA:13,8,2,4
BRDA:13,9,0,4
BRDA:13,9,1,0
BRDA:18,10,0,4
BRDA:18,10,1,4
BRDA:18,10,2,4
BRDA:20,11,0,0
BRDA:20,11,1,0
BRDA:22,12,0,0
BRDA:22,12,1,0
BRDA:28,13,0,4
BRDA:28,13,1,0
BRDA:28,14,0,4
BRDA:28,14,1,4
BRDA:30,15,0,0
BRDA:30,15,1,0
BRDA:30,16,0,0
BRDA:30,16,1,0
BRF:37
BRH:14
end_of_record
TN:
SF:dist\src\routes\index.js
FN:2,(anonymous_0)
FNF:1
FNH:1
FNDA:16,(anonymous_0)
DA:2,4
DA:3,16
DA:5,4
DA:6,4
DA:7,4
DA:8,4
DA:9,4
DA:10,4
DA:11,4
DA:12,4
DA:13,4
DA:14,4
DA:15,4
DA:16,4
LF:14
LH:14
BRDA:2,0,0,4
BRDA:2,0,1,4
BRDA:2,0,2,4
BRDA:3,1,0,16
BRDA:3,1,1,0
BRDA:3,2,0,16
BRDA:3,2,1,16
BRF:7
BRH:6
end_of_record
TN:
SF:dist\src\routes\inventoryRoutes.js
FN:2,(anonymous_0)
FN:6,(anonymous_1)
FN:9,(anonymous_2)
FN:13,(anonymous_3)
FN:15,(anonymous_4)
FN:18,(anonymous_5)
FN:19,(anonymous_6)
FN:20,(anonymous_7)
FN:27,(anonymous_8)
FNF:9
FNH:2
FNDA:0,(anonymous_0)
FNDA:0,(anonymous_1)
FNDA:0,(anonymous_2)
FNDA:0,(anonymous_3)
FNDA:0,(anonymous_4)
FNDA:4,(anonymous_5)
FNDA:0,(anonymous_6)
FNDA:0,(anonymous_7)
FNDA:4,(anonymous_8)
DA:2,4
DA:3,0
DA:4,0
DA:5,0
DA:6,0
DA:8,0
DA:10,0
DA:11,0
DA:13,4
DA:14,0
DA:16,0
DA:18,4
DA:19,4
DA:20,0
DA:21,0
DA:22,0
DA:23,0
DA:25,0
DA:27,4
DA:28,4
DA:29,0
DA:30,0
DA:31,0
DA:32,0
DA:35,4
DA:36,4
DA:37,4
DA:38,4
DA:39,4
DA:40,4
DA:41,4
DA:42,4
DA:43,4
DA:44,4
DA:45,4
LF:35
LH:17
BRDA:2,0,0,4
BRDA:2,0,1,4
BRDA:2,0,2,4
BRDA:2,1,0,4
BRDA:2,1,1,0
BRDA:3,2,0,0
BRDA:3,2,1,0
BRDA:5,3,0,0
BRDA:5,3,1,0
BRDA:5,4,0,0
BRDA:5,4,1,0
BRDA:5,5,0,0
BRDA:5,5,1,0
BRDA:5,6,0,0
BRDA:5,6,1,0
BRDA:10,7,0,0
BRDA:10,7,1,0
BRDA:13,8,0,4
BRDA:13,8,1,4
BRDA:13,8,2,4
BRDA:13,9,0,4
BRDA:13,9,1,0
BRDA:18,10,0,4
BRDA:18,10,1,4
BRDA:18,10,2,4
BRDA:20,11,0,0
BRDA:20,11,1,0
BRDA:22,12,0,0
BRDA:22,12,1,0
BRDA:28,13,0,4
BRDA:28,13,1,0
BRDA:28,14,0,4
BRDA:28,14,1,4
BRDA:30,15,0,0
BRDA:30,15,1,0
BRDA:30,16,0,0
BRDA:30,16,1,0
BRF:37
BRH:14
end_of_record
TN:
SF:dist\src\routes\vendorRoutes.js
FN:2,(anonymous_0)
FN:6,(anonymous_1)
FN:9,(anonymous_2)
FN:13,(anonymous_3)
FN:15,(anonymous_4)
FN:18,(anonymous_5)
FN:19,(anonymous_6)
FN:20,(anonymous_7)
FN:27,(anonymous_8)
FNF:9
FNH:2
FNDA:0,(anonymous_0)
FNDA:0,(anonymous_1)
FNDA:0,(anonymous_2)
FNDA:0,(anonymous_3)
FNDA:0,(anonymous_4)
FNDA:4,(anonymous_5)
FNDA:0,(anonymous_6)
FNDA:0,(anonymous_7)
FNDA:4,(anonymous_8)
DA:2,4
DA:3,0
DA:4,0
DA:5,0
DA:6,0
DA:8,0
DA:10,0
DA:11,0
DA:13,4
DA:14,0
DA:16,0
DA:18,4
DA:19,4
DA:20,0
DA:21,0
DA:22,0
DA:23,0
DA:25,0
DA:27,4
DA:28,4
DA:29,0
DA:30,0
DA:31,0
DA:32,0
DA:35,4
DA:36,4
DA:37,4
DA:38,4
DA:39,4
DA:40,4
DA:41,4
DA:42,4
DA:43,4
DA:44,4
DA:45,4
LF:35
LH:17
BRDA:2,0,0,4
BRDA:2,0,1,4
BRDA:2,0,2,4
BRDA:2,1,0,4
BRDA:2,1,1,0
BRDA:3,2,0,0
BRDA:3,2,1,0
BRDA:5,3,0,0
BRDA:5,3,1,0
BRDA:5,4,0,0
BRDA:5,4,1,0
BRDA:5,5,0,0
BRDA:5,5,1,0
BRDA:5,6,0,0
BRDA:5,6,1,0
BRDA:10,7,0,0
BRDA:10,7,1,0
BRDA:13,8,0,4
BRDA:13,8,1,4
BRDA:13,8,2,4
BRDA:13,9,0,4
BRDA:13,9,1,0
BRDA:18,10,0,4
BRDA:18,10,1,4
BRDA:18,10,2,4
BRDA:20,11,0,0
BRDA:20,11,1,0
BRDA:22,12,0,0
BRDA:22,12,1,0
BRDA:28,13,0,4
BRDA:28,13,1,0
BRDA:28,14,0,4
BRDA:28,14,1,4
BRDA:30,15,0,0
BRDA:30,15,1,0
BRDA:30,16,0,0
BRDA:30,16,1,0
BRF:37
BRH:14
end_of_record
TN:
SF:dist\src\validators\employeeValidator.js
FN:5,(anonymous_0)
FN:35,(anonymous_1)
FNF:2
FNH:1
FNDA:8,(anonymous_0)
FNDA:0,(anonymous_1)
DA:2,4
DA:3,4
DA:4,4
DA:5,4
DA:6,8
DA:34,4
DA:35,4
DA:36,0
DA:37,0
DA:38,0
DA:39,0
DA:41,0
DA:43,4
LF:13
LH:8
BRDA:37,0,0,0
BRDA:37,0,1,0
BRF:2
BRH:0
end_of_record
TN:
SF:dist\src\validators\expenseValidator.js
FN:5,(anonymous_0)
FN:36,(anonymous_1)
FNF:2
FNH:1
FNDA:8,(anonymous_0)
FNDA:0,(anonymous_1)
DA:2,4
DA:3,4
DA:4,4
DA:5,4
DA:6,8
DA:35,4
DA:36,4
DA:37,0
DA:38,0
DA:39,0
DA:40,0
DA:42,0
DA:44,4
LF:13
LH:8
BRDA:38,0,0,0
BRDA:38,0,1,0
BRF:2
BRH:0
end_of_record
TN:
SF:dist\src\validators\inventoryValidator.js
FN:5,(anonymous_0)
FN:22,(anonymous_1)
FNF:2
FNH:1
FNDA:8,(anonymous_0)
FNDA:0,(anonymous_1)
DA:2,4
DA:3,4
DA:4,4
DA:5,4
DA:6,8
DA:21,4
DA:22,4
DA:23,0
DA:24,0
DA:25,0
DA:26,0
DA:28,0
DA:30,4
LF:13
LH:8
BRDA:24,0,0,0
BRDA:24,0,1,0
BRF:2
BRH:0
end_of_record
TN:
SF:dist\src\validators\vendorValidator.js
FN:5,(anonymous_0)
FN:28,(anonymous_1)
FNF:2
FNH:1
FNDA:8,(anonymous_0)
FNDA:0,(anonymous_1)
DA:2,4
DA:3,4
DA:4,4
DA:5,4
DA:6,8
DA:27,4
DA:28,4
DA:29,0
DA:30,0
DA:31,0
DA:32,0
DA:34,0
DA:36,4
LF:13
LH:8
BRDA:30,0,0,0
BRDA:30,0,1,0
BRF:2
BRH:0
end_of_record
TN:
SF:src\app.ts
FN:25,(anonymous_1)
FN:33,(anonymous_2)
FNF:2
FNH:0
FNDA:0,(anonymous_1)
FNDA:0,(anonymous_2)
DA:1,4
DA:2,4
DA:3,4
DA:4,4
DA:5,4
DA:6,4
DA:7,4
DA:9,4
DA:18,4
DA:20,4
DA:26,0
DA:27,0
DA:29,0
DA:34,0
DA:35,0
DA:38,4
LF:16
LH:11
BRDA:26,0,0,0
BRF:1
BRH:0
end_of_record
TN:
SF:src\config\db.ts
FN:9,connectToDatabase
FN:32,getDb
FN:39,closeDatabaseConnection
FNF:3
FNH:2
FNDA:4,connectToDatabase
FNDA:0,getDb
FNDA:4,closeDatabaseConnection
DA:1,4
DA:2,4
DA:4,4
DA:6,4
DA:7,4
DA:9,4
DA:10,4
DA:11,4
DA:13,4
DA:14,0
DA:17,4
DA:18,0
DA:21,4
DA:22,4
DA:23,4
DA:24,4
DA:25,4
DA:27,0
DA:28,0
DA:32,4
DA:33,0
DA:34,0
DA:36,0
DA:39,4
DA:40,4
DA:41,4
DA:42,4
DA:43,4
DA:44,4
DA:45,4
DA:48,0
DA:49,0
LF:32
LH:23
BRDA:13,0,0,0
BRDA:13,1,0,4
BRDA:13,1,1,4
BRDA:17,2,0,0
BRDA:17,3,0,4
BRDA:17,3,1,0
BRDA:33,4,0,0
BRDA:41,5,0,4
BRF:8
BRH:4
end_of_record
TN:
SF:src\controllers\employeeController.ts
FN:7,(anonymous_0)
FN:16,(anonymous_1)
FN:28,(anonymous_2)
FN:52,(anonymous_3)
FN:83,(anonymous_4)
FNF:5
FNH:0
FNDA:0,(anonymous_0)
FNDA:0,(anonymous_1)
FNDA:0,(anonymous_2)
FNDA:0,(anonymous_3)
FNDA:0,(anonymous_4)
DA:2,4
DA:3,4
DA:7,4
DA:8,0
DA:9,0
DA:10,0
DA:11,0
DA:13,0
DA:16,4
DA:17,0
DA:18,0
DA:19,0
DA:20,0
DA:21,0
DA:23,0
DA:25,0
DA:28,4
DA:29,0
DA:30,0
DA:31,0
DA:33,0
DA:46,0
DA:47,0
DA:49,0
DA:52,4
DA:53,0
DA:54,0
DA:55,0
DA:57,0
DA:69,0
DA:74,0
DA:75,0
DA:78,0
DA:80,0
DA:83,4
DA:84,0
DA:85,0
DA:86,0
DA:88,0
DA:89,0
DA:92,0
DA:94,0
LF:42
LH:7
BRDA:20,0,0,0
BRDA:74,1,0,0
BRDA:88,2,0,0
BRF:3
BRH:0
end_of_record
TN:
SF:src\controllers\expenseController.ts
FN:6,(anonymous_0)
FN:15,(anonymous_1)
FN:27,(anonymous_2)
FN:51,(anonymous_3)
FN:81,(anonymous_4)
FNF:5
FNH:0
FNDA:0,(anonymous_0)
FNDA:0,(anonymous_1)
FNDA:0,(anonymous_2)
FNDA:0,(anonymous_3)
FNDA:0,(anonymous_4)
DA:2,4
DA:3,4
DA:6,4
DA:7,0
DA:8,0
DA:9,0
DA:10,0
DA:12,0
DA:15,4
DA:16,0
DA:17,0
DA:18,0
DA:19,0
DA:20,0
DA:22,0
DA:24,0
DA:27,4
DA:28,0
DA:29,0
DA:30,0
DA:32,0
DA:45,0
DA:46,0
DA:48,0
DA:51,4
DA:52,0
DA:53,0
DA:54,0
DA:56,0
DA:67,0
DA:72,0
DA:73,0
DA:76,0
DA:78,0
DA:81,4
DA:82,0
DA:83,0
DA:84,0
DA:86,0
DA:87,0
DA:90,0
DA:92,0
LF:42
LH:7
BRDA:19,0,0,0
BRDA:72,1,0,0
BRDA:86,2,0,0
BRF:3
BRH:0
end_of_record
TN:
SF:src\controllers\inventoryController.ts
FN:7,(anonymous_0)
FN:17,(anonymous_1)
FN:30,(anonymous_2)
FN:50,(anonymous_3)
FN:76,(anonymous_4)
FNF:5
FNH:0
FNDA:0,(anonymous_0)
FNDA:0,(anonymous_1)
FNDA:0,(anonymous_2)
FNDA:0,(anonymous_3)
FNDA:0,(anonymous_4)
DA:2,4
DA:3,4
DA:7,4
DA:8,0
DA:9,0
DA:10,0
DA:11,0
DA:12,0
DA:14,0
DA:17,4
DA:18,0
DA:19,0
DA:20,0
DA:21,0
DA:22,0
DA:23,0
DA:25,0
DA:27,0
DA:30,4
DA:31,0
DA:32,0
DA:33,0
DA:35,0
DA:43,0
DA:44,0
DA:47,0
DA:50,4
DA:51,0
DA:52,0
DA:53,0
DA:55,0
DA:62,0
DA:67,0
DA:68,0
DA:71,0
DA:73,0
DA:76,4
DA:77,0
DA:78,0
DA:79,0
DA:81,0
DA:82,0
DA:85,0
DA:87,0
LF:44
LH:7
BRDA:22,0,0,0
BRDA:67,1,0,0
BRDA:81,2,0,0
BRF:3
BRH:0
end_of_record
TN:
SF:src\controllers\vendorController.ts
FN:6,(anonymous_0)
FN:15,(anonymous_1)
FN:29,(anonymous_2)
FN:49,(anonymous_3)
FN:78,(anonymous_4)
FNF:5
FNH:0
FNDA:0,(anonymous_0)
FNDA:0,(anonymous_1)
FNDA:0,(anonymous_2)
FNDA:0,(anonymous_3)
FNDA:0,(anonymous_4)
DA:2,4
DA:3,4
DA:6,4
DA:7,0
DA:8,0
DA:9,0
DA:10,0
DA:12,0
DA:15,4
DA:16,0
DA:17,0
DA:18,0
DA:19,0
DA:20,0
DA:21,0
DA:23,0
DA:26,0
DA:29,4
DA:30,0
DA:31,0
DA:32,0
DA:41,0
DA:42,0
DA:43,0
DA:46,0
DA:49,4
DA:50,0
DA:51,0
DA:53,0
DA:62,0
DA:64,0
DA:69,0
DA:70,0
DA:72,0
DA:75,0
DA:78,4
DA:79,0
DA:80,0
DA:81,0
DA:83,0
DA:84,0
DA:86,0
DA:89,0
LF:43
LH:7
BRDA:20,0,0,0
BRDA:20,0,1,0
BRDA:69,1,0,0
BRDA:69,1,1,0
BRDA:83,2,0,0
BRDA:83,2,1,0
BRF:6
BRH:0
end_of_record
TN:
SF:src\middleware\errorHandler.ts
FN:3,(anonymous_0)
FNF:1
FNH:0
FNDA:0,(anonymous_0)
DA:3,4
DA:9,0
DA:10,0
LF:3
LH:1
BRDA:10,0,0,0
BRDA:10,0,1,0
BRF:2
BRH:0
end_of_record
TN:
SF:src\routes\employeeRoutes.ts
FNF:0
FNH:0
DA:1,4
DA:2,4
DA:4,4
DA:6,4
DA:8,4
DA:9,4
DA:10,4
DA:11,4
DA:12,4
DA:14,4
LF:10
LH:10
BRF:0
BRH:0
end_of_record
TN:
SF:src\routes\expenseRoutes.ts
FNF:0
FNH:0
DA:1,4
DA:2,4
DA:3,4
DA:6,4
DA:8,4
DA:9,4
DA:10,4
DA:11,4
DA:12,4
DA:14,4
LF:10
LH:10
BRF:0
BRH:0
end_of_record
TN:
SF:src\routes\index.ts
FNF:0
FNH:0
DA:1,4
DA:2,4
DA:3,4
DA:4,4
DA:5,4
DA:10,4
DA:12,4
DA:13,4
DA:14,4
DA:15,4
DA:17,4
LF:11
LH:11
BRF:0
BRH:0
end_of_record
TN:
SF:src\routes\inventoryRoutes.ts
FNF:0
FNH:0
DA:1,4
DA:2,4
DA:3,4
DA:5,4
DA:7,4
DA:8,4
DA:9,4
DA:10,4
DA:11,4
DA:13,4
LF:10
LH:10
BRF:0
BRH:0
end_of_record
TN:
SF:src\routes\vendorRoutes.ts
FNF:0
FNH:0
DA:1,4
DA:2,4
DA:3,4
DA:5,4
DA:7,4
DA:8,4
DA:9,4
DA:10,4
DA:11,4
DA:13,4
LF:10
LH:10
BRF:0
BRH:0
end_of_record
TN:
SF:src\validators\employeeValidator.ts
FN:3,(anonymous_0)
FN:33,(anonymous_1)
FNF:2
FNH:1
FNDA:8,(anonymous_0)
FNDA:0,(anonymous_1)
DA:1,4
DA:3,4
DA:4,8
DA:33,4
DA:34,0
DA:35,0
DA:36,0
DA:37,0
DA:39,0
LF:9
LH:4
BRDA:35,0,0,0
BRF:1
BRH:0
end_of_record
TN:
SF:src\validators\expenseValidator.ts
FN:3,(anonymous_0)
FN:34,(anonymous_1)
FNF:2
FNH:1
FNDA:8,(anonymous_0)
FNDA:0,(anonymous_1)
DA:1,4
DA:3,4
DA:4,8
DA:34,4
DA:35,0
DA:36,0
DA:37,0
DA:38,0
DA:40,0
LF:9
LH:4
BRDA:36,0,0,0
BRF:1
BRH:0
end_of_record
TN:
SF:src\validators\inventoryValidator.ts
FN:3,(anonymous_0)
FN:20,(anonymous_1)
FNF:2
FNH:1
FNDA:8,(anonymous_0)
FNDA:0,(anonymous_1)
DA:1,4
DA:3,4
DA:4,8
DA:20,4
DA:21,0
DA:22,0
DA:23,0
DA:24,0
DA:26,0
LF:9
LH:4
BRDA:22,0,0,0
BRF:1
BRH:0
end_of_record
TN:
SF:src\validators\vendorValidator.ts
FN:3,(anonymous_0)
FN:26,(anonymous_1)
FNF:2
FNH:1
FNDA:8,(anonymous_0)
FNDA:0,(anonymous_1)
DA:1,4
DA:3,4
DA:4,8
DA:26,4
DA:27,0
DA:28,0
DA:29,0
DA:30,0
DA:32,0
LF:9
LH:4
BRDA:28,0,0,0
BRF:1
BRH:0
end_of_record
